C51 COMPILER V9.54   MAIN                                                                  08/30/2024 14:13:10 PAGE 1   


C51 COMPILER V9.54, COMPILATION OF MODULE MAIN
OBJECT MODULE PLACED IN .\Objects\main.obj
COMPILER INVOKED BY: D:\Hub of Software\Program\Keil5 C51\C51\BIN\C51.EXE main.c OPTIMIZE(8,SPEED) BROWSE DEBUG OBJECTEX
                    -TEND PRINT(.\Listings\main.lst) OBJECT(.\Objects\main.obj)

line level    source

   1          #include <REGX52.H>
   2          #include "motor.h"
   3          #include "Timer.h"
   4          
   5          
   6          unsigned char distance;
   7          unsigned char maxdistance = 20;
   8          
   9          
  10          void main() {
  11   1      
  12   1              TMOD &= 0xF0;
  13   1              TMOD |= 0x01;
  14   1              
  15   1      while(1) {
  16   2      
  17   2              Forward();
  18   2              
  19   2              ultrasonic();
  20   2              
  21   2              if (distance <= maxdistance) {
  22   3                      Left();
  23   3                      Delay();
  24   3                      ultrasonic();
  25   3                      if (distance <= maxdistance) {
  26   4                              Right();
  27   4                              Delay();
  28   4                              Delay();
  29   4                      }
  30   3              }
  31   2              else {
  32   3                      Forward();
  33   3              }
  34   2      
  35   2              
  36   2      
  37   2      }
  38   1      }
  39          


MODULE INFORMATION:   STATIC OVERLAYABLE
   CODE SIZE        =     51    ----
   CONSTANT SIZE    =   ----    ----
   XDATA SIZE       =   ----    ----
   PDATA SIZE       =   ----    ----
   DATA SIZE        =      2    ----
   IDATA SIZE       =   ----    ----
   BIT SIZE         =   ----    ----
END OF MODULE INFORMATION.


C51 COMPILATION COMPLETE.  0 WARNING(S),  0 ERROR(S)
