C51 COMPILER V9.54   MOTOR                                                                 08/30/2024 14:13:10 PAGE 1   


C51 COMPILER V9.54, COMPILATION OF MODULE MOTOR
OBJECT MODULE PLACED IN .\Objects\motor.obj
COMPILER INVOKED BY: D:\Hub of Software\Program\Keil5 C51\C51\BIN\C51.EXE motor.c OPTIMIZE(8,SPEED) BROWSE DEBUG OBJECTE
                    -XTEND PRINT(.\Listings\motor.lst) OBJECT(.\Objects\motor.obj)

line level    source

   1          #include <REGX52.H>
   2          
   3          void Delay()            //@11.0592MHz
   4          {
   5   1              unsigned char k;
   6   1              unsigned char i, j;
   7   1              for (k = 0; k < 10; k++) {
   8   2                      i = 180;
   9   2                      j = 73;
  10   2                      do{
  11   3                              while(--j);
  12   3                      } while(--i);
  13   2              }
  14   1      }
  15          
  16          
  17          
  18          void Forward() {
  19   1              P0 = 0xAA;
  20   1      }
  21          
  22          void Backward() {
  23   1              P0 = 0x55;
  24   1      }
  25          
  26          void Left() {
  27   1              P0 = 0x5A;
  28   1      }
  29          
  30          void Right() {
  31   1              P0 = 0xA5;
  32   1      }


MODULE INFORMATION:   STATIC OVERLAYABLE
   CODE SIZE        =     31    ----
   CONSTANT SIZE    =   ----    ----
   XDATA SIZE       =   ----    ----
   PDATA SIZE       =   ----    ----
   DATA SIZE        =   ----    ----
   IDATA SIZE       =   ----    ----
   BIT SIZE         =   ----    ----
END OF MODULE INFORMATION.


C51 COMPILATION COMPLETE.  0 WARNING(S),  0 ERROR(S)
